{
  "RSpec": {
    "coverage": {
      "/Users/morganosborne/Development/code/event-planning-rails/spec/models/user_spec.rb": [
        1,
        1,
        null,
        1,
        null,
        0,
        0,
        0,
        null,
        0,
        null,
        0,
        null,
        0,
        0,
        0,
        null,
        null,
        null,
        0,
        0,
        0,
        null,
        null,
        0,
        0,
        null,
        null,
        null,
        null,
        0,
        0,
        0,
        null,
        null,
        0,
        0,
        null,
        null,
        null,
        null
      ],
      "/Users/morganosborne/Development/code/event-planning-rails/spec/rails_helper.rb": [
        null,
        1,
        1,
        1,
        1,
        1,
        1,
        null,
        1,
        null,
        null,
        null,
        null,
        null,
        null,
        null,
        null,
        null,
        2,
        null,
        null,
        null,
        1,
        1,
        1,
        1,
        0,
        0,
        null,
        null,
        1,
        0,
        0,
        0,
        null,
        null,
        1,
        0,
        null,
        null,
        1,
        0,
        null,
        null,
        null,
        null,
        null,
        null,
        null,
        1,
        null,
        null,
        null,
        null,
        null,
        null,
        null,
        null,
        null,
        null,
        null,
        null,
        null,
        null,
        1,
        null,
        null,
        1
      ],
      "/Users/morganosborne/Development/code/event-planning-rails/config/environment.rb": [
        null,
        1,
        null,
        null,
        1
      ],
      "/Users/morganosborne/Development/code/event-planning-rails/config/application.rb": [
        1,
        null,
        1,
        null,
        null,
        null,
        1,
        null,
        1,
        1,
        null,
        null,
        null,
        null,
        null
      ],
      "/Users/morganosborne/Development/code/event-planning-rails/config/boot.rb": [
        1,
        null,
        1
      ],
      "/Users/morganosborne/Development/code/event-planning-rails/config/environments/test.rb": [
        1,
        null,
        null,
        null,
        null,
        null,
        null,
        1,
        null,
        null,
        null,
        null,
        1,
        null,
        null,
        1,
        1,
        null,
        null,
        null,
        null,
        1,
        1,
        null,
        null,
        1,
        null,
        null,
        1,
        1,
        null,
        null,
        null,
        null,
        1,
        null,
        null,
        1,
        null,
        null,
        null,
        null
      ],
      "/Users/morganosborne/Development/code/event-planning-rails/config/initializers/application_controller_renderer.rb": [
        null,
        null,
        null,
        null,
        null,
        null
      ],
      "/Users/morganosborne/Development/code/event-planning-rails/config/initializers/assets.rb": [
        null,
        null,
        null,
        1,
        null,
        null,
        null,
        null,
        null,
        null,
        null
      ],
      "/Users/morganosborne/Development/code/event-planning-rails/config/initializers/backtrace_silencers.rb": [
        null,
        null,
        null,
        null,
        null,
        null,
        null
      ],
      "/Users/morganosborne/Development/code/event-planning-rails/config/initializers/cookies_serializer.rb": [
        null,
        null,
        null,
        null,
        1
      ],
      "/Users/morganosborne/Development/code/event-planning-rails/config/initializers/filter_parameter_logging.rb": [
        null,
        null,
        null,
        1
      ],
      "/Users/morganosborne/Development/code/event-planning-rails/config/initializers/inflections.rb": [
        null,
        null,
        null,
        null,
        null,
        null,
        null,
        null,
        null,
        null,
        null,
        null,
        null,
        null,
        null,
        null
      ],
      "/Users/morganosborne/Development/code/event-planning-rails/config/initializers/mime_types.rb": [
        null,
        null,
        null,
        null
      ],
      "/Users/morganosborne/Development/code/event-planning-rails/config/initializers/new_framework_defaults.rb": [
        null,
        null,
        null,
        null,
        null,
        null,
        null,
        1,
        null,
        null,
        1,
        null,
        null,
        null,
        1,
        null,
        null,
        1,
        null,
        null,
        1,
        null,
        null,
        1
      ],
      "/Users/morganosborne/Development/code/event-planning-rails/config/initializers/session_store.rb": [
        null,
        null,
        1
      ],
      "/Users/morganosborne/Development/code/event-planning-rails/config/initializers/wrap_parameters.rb": [
        null,
        null,
        null,
        null,
        null,
        null,
        1,
        2,
        null,
        null,
        null,
        null,
        null,
        null
      ],
      "/Users/morganosborne/Development/code/event-planning-rails/spec/factories/user.rb": [
        1,
        null,
        1,
        1,
        1,
        1,
        1,
        1,
        null,
        null
      ],
      "/Users/morganosborne/Development/code/event-planning-rails/config/routes.rb": [
        1,
        null,
        null
      ],
      "/Users/morganosborne/Development/code/event-planning-rails/app/helpers/application_helper.rb": [
        1,
        null
      ],
      "/Users/morganosborne/Development/code/event-planning-rails/spec/support/factory_girl.rb": [
        1,
        1,
        null
      ]
    },
    "timestamp": 1493588899
  }
}
